<?xml version="1.0" encoding="UTF-8"?>
<coverage generated="1738434352374" clover="3.2.0">
  <project timestamp="1738434352374" name="All files">
    <metrics statements="7" coveredstatements="7" conditionals="0" coveredconditionals="0" methods="5" coveredmethods="5" elements="12" coveredelements="12" complexity="0" loc="7" ncloc="7" packages="1" files="1" classes="1"/>
    <file name="script.js" path="/Users/lpsmac/Desktop/lpsDemo/DEMOS/12_PWA/repo/Assignment_Repo/PWA_202501/4_test_codebase/script.js">
      <metrics statements="7" coveredstatements="7" conditionals="0" coveredconditionals="0" methods="5" coveredmethods="5"/>
      <line num="2" count="1" type="stmt"/>
      <line num="8" count="17" type="stmt"/>
      <line num="14" count="7" type="stmt"/>
      <line num="20" count="1" type="stmt"/>
      <line num="21" count="7" type="stmt"/>
      <line num="22" count="7" type="stmt"/>
      <line num="26" count="1" type="stmt"/>
    </file>
  </project>
</coverage>
