{"/Users/lpsmac/Desktop/lpsDemo/DEMOS/12_PWA/repo/Assignment_Repo/PWA_202501/4_test_codebase/script.js": {"path":"/Users/lpsmac/Desktop/lpsDemo/DEMOS/12_PWA/repo/Assignment_Repo/PWA_202501/4_test_codebase/script.js","statementMap":{"0":{"start":{"line":2,"column":12},"end":{"line":2,"column":26}},"1":{"start":{"line":2,"column":21},"end":{"line":2,"column":26}},"2":{"start":{"line":8,"column":19},"end":{"line":8,"column":66}},"3":{"start":{"line":8,"column":28},"end":{"line":8,"column":66}},"4":{"start":{"line":8,"column":53},"end":{"line":8,"column":62}},"5":{"start":{"line":14,"column":16},"end":{"line":14,"column":41}},"6":{"start":{"line":14,"column":25},"end":{"line":14,"column":41}},"7":{"start":{"line":20,"column":21},"end":{"line":23,"column":1}},"8":{"start":{"line":21,"column":19},"end":{"line":21,"column":59}},"9":{"start":{"line":22,"column":4},"end":{"line":22,"column":58}},"10":{"start":{"line":29,"column":25},"end":{"line":29,"column":130}},"11":{"start":{"line":29,"column":34},"end":{"line":29,"column":130}},"12":{"start":{"line":29,"column":61},"end":{"line":29,"column":119}},"13":{"start":{"line":34,"column":0},"end":{"line":34,"column":77}}},"fnMap":{"0":{"name":"(anonymous_0)","decl":{"start":{"line":2,"column":12},"end":{"line":2,"column":13}},"loc":{"start":{"line":2,"column":21},"end":{"line":2,"column":26}},"line":2},"1":{"name":"(anonymous_1)","decl":{"start":{"line":8,"column":19},"end":{"line":8,"column":20}},"loc":{"start":{"line":8,"column":28},"end":{"line":8,"column":66}},"line":8},"2":{"name":"(anonymous_2)","decl":{"start":{"line":8,"column":39},"end":{"line":8,"column":40}},"loc":{"start":{"line":8,"column":53},"end":{"line":8,"column":62}},"line":8},"3":{"name":"(anonymous_3)","decl":{"start":{"line":14,"column":16},"end":{"line":14,"column":17}},"loc":{"start":{"line":14,"column":25},"end":{"line":14,"column":41}},"line":14},"4":{"name":"(anonymous_4)","decl":{"start":{"line":20,"column":21},"end":{"line":20,"column":22}},"loc":{"start":{"line":20,"column":30},"end":{"line":23,"column":1}},"line":20},"5":{"name":"(anonymous_5)","decl":{"start":{"line":29,"column":25},"end":{"line":29,"column":26}},"loc":{"start":{"line":29,"column":34},"end":{"line":29,"column":130}},"line":29},"6":{"name":"(anonymous_6)","decl":{"start":{"line":29,"column":53},"end":{"line":29,"column":54}},"loc":{"start":{"line":29,"column":61},"end":{"line":29,"column":119}},"line":29}},"branchMap":{},"s":{"0":1,"1":1,"2":1,"3":7,"4":17,"5":1,"6":7,"7":1,"8":9,"9":9,"10":1,"11":4,"12":7,"13":1},"f":{"0":1,"1":7,"2":17,"3":7,"4":9,"5":4,"6":7},"b":{},"_coverageSchema":"1a1c01bbd47fc00a2c39e90264f33305004495a9","hash":"7411daa0df462b7601410271c8c0726971670746"}
}
